INFO: 2021-10-08 09:08:34,828: main() 'Using profile folder /home/Master/.config/variety/'
INFO: 2021-10-08 09:08:34,865: perform_upgrade() 'Last run version was 0.8.5 or earlier, current version is 0.8.5'
INFO: 2021-10-08 09:08:35,422: process_command() 'Received command: ['--profile', '/home/Master/.config/variety/']'
INFO: 2021-10-08 09:08:35,426: load_banned() 'Missing or invalid banned URLs list, no URLs will be banned'
INFO: 2021-10-08 09:08:35,476: start() 'Using data_path /usr/share/variety'
INFO: 2021-10-08 09:08:35,476: load() 'Jumble loading'
INFO: 2021-10-08 09:08:35,477: _walk_modules() 'Jumble loading module in __init__ from /usr/lib/python3.9/site-packages/variety/plugins/builtin/__init__.py'
INFO: 2021-10-08 09:08:35,488: _walk_modules() 'Jumble loading module in EarthviewDownloader from /usr/lib/python3.9/site-packages/variety/plugins/builtin/downloaders/EarthviewDownloader.py'
INFO: 2021-10-08 09:08:35,497: load() 'Jumble found plugin class: <class 'EarthviewDownloader.EarthviewDownloader'>: {'name': 'EarthviewDownloader', 'description': 'Google Earth View Wallpapers', 'author': 'Peter Levi', 'version': '0.1'}'
INFO: 2021-10-08 09:08:35,498: _walk_modules() 'Jumble loading module in APODDownloader from /usr/lib/python3.9/site-packages/variety/plugins/builtin/downloaders/APODDownloader.py'
INFO: 2021-10-08 09:08:35,504: load() 'Jumble found plugin class: <class 'APODDownloader.APODDownloader'>: {'name': 'APODDownloader', 'description': 'NASA Astro Pic of the Day', 'author': 'Peter Levi', 'version': '0.1'}'
INFO: 2021-10-08 09:08:35,508: _walk_modules() 'Jumble loading module in RedditSource from /usr/lib/python3.9/site-packages/variety/plugins/builtin/downloaders/RedditSource.py'
INFO: 2021-10-08 09:08:35,517: load() 'Jumble found plugin class: <class 'RedditSource.RedditSource'>: {'name': 'RedditSource', 'description': 'Configurable source for fetching images from Reddit', 'author': 'Peter Levi', 'version': '0.1'}'
INFO: 2021-10-08 09:08:35,519: _walk_modules() 'Jumble loading module in RedditDownloader from /usr/lib/python3.9/site-packages/variety/plugins/builtin/downloaders/RedditDownloader.py'
INFO: 2021-10-08 09:08:35,528: _walk_modules() 'Jumble loading module in WallhavenSource from /usr/lib/python3.9/site-packages/variety/plugins/builtin/downloaders/WallhavenSource.py'
INFO: 2021-10-08 09:08:35,532: load() 'Jumble found plugin class: <class 'WallhavenSource.WallhavenSource'>: {'name': 'WallhavenSource', 'description': 'Configurable source for fetching images from Wallhaven.cc', 'author': 'Peter Levi', 'version': '0.1'}'
INFO: 2021-10-08 09:08:35,532: _walk_modules() 'Jumble loading module in WallhavenDownloader from /usr/lib/python3.9/site-packages/variety/plugins/builtin/downloaders/WallhavenDownloader.py'
INFO: 2021-10-08 09:08:35,536: _walk_modules() 'Jumble loading module in UnsplashDownloader from /usr/lib/python3.9/site-packages/variety/plugins/builtin/downloaders/UnsplashDownloader.py'
INFO: 2021-10-08 09:08:35,539: load() 'Jumble found plugin class: <class 'UnsplashDownloader.UnsplashDownloader'>: {'name': 'UnsplashDownloader', 'description': 'High-resolution photos from Unsplash.com', 'author': 'Peter Levi', 'version': '0.1'}'
INFO: 2021-10-08 09:08:35,540: _walk_modules() 'Jumble loading module in MediaRSSSource from /usr/lib/python3.9/site-packages/variety/plugins/builtin/downloaders/MediaRSSSource.py'
INFO: 2021-10-08 09:08:35,542: load() 'Jumble found plugin class: <class 'MediaRSSSource.MediaRSSSource'>: {'name': 'MediaRSSSource', 'description': 'Configurable source for fetching images from MediaRSS feeds', 'author': 'Peter Levi', 'version': '0.1'}'
INFO: 2021-10-08 09:08:35,543: _walk_modules() 'Jumble loading module in __init__ from /usr/lib/python3.9/site-packages/variety/plugins/builtin/downloaders/__init__.py'
INFO: 2021-10-08 09:08:35,547: _walk_modules() 'Jumble loading module in MediaRSSDownloader from /usr/lib/python3.9/site-packages/variety/plugins/builtin/downloaders/MediaRSSDownloader.py'
INFO: 2021-10-08 09:08:35,549: _walk_modules() 'Jumble loading module in UnsplashConfigurableSource from /usr/lib/python3.9/site-packages/variety/plugins/builtin/downloaders/UnsplashConfigurableSource.py'
INFO: 2021-10-08 09:08:35,553: load() 'Jumble found plugin class: <class 'UnsplashConfigurableSource.UnsplashConfigurableSource'>: {'name': 'UnsplashConfigurableSource', 'description': 'Configurable source for fetching photos from Unsplash.com', 'author': 'Peter Levi', 'version': '0.1'}'
INFO: 2021-10-08 09:08:35,553: _walk_modules() 'Jumble loading module in BingDownloader from /usr/lib/python3.9/site-packages/variety/plugins/builtin/downloaders/BingDownloader.py'
INFO: 2021-10-08 09:08:35,556: load() 'Jumble found plugin class: <class 'BingDownloader.BingDownloader'>: {'name': 'BingDownloader', 'description': 'Bing Photo of the Day', 'author': 'Peter Levi', 'version': '0.1'}'
INFO: 2021-10-08 09:08:35,563: _walk_modules() 'Jumble loading module in GoodreadsSource from /usr/lib/python3.9/site-packages/variety/plugins/builtin/quotes/GoodreadsSource.py'
ERROR: 2021-10-08 09:08:35,564: _walk_modules() 'Could not load plugin module /usr/lib/python3.9/site-packages/variety/plugins/builtin/quotes/GoodreadsSource.py'
Traceback (most recent call last):
  File "/usr/lib/python3.9/site-packages/jumble/Jumble.py", line 45, in _walk_modules
    yield imp.load_module(name, *info), path
  File "/usr/lib64/python3.9/imp.py", line 234, in load_module
    return load_source(name, filename, file)
  File "/usr/lib64/python3.9/imp.py", line 171, in load_source
    module = _load(spec)
  File "<frozen importlib._bootstrap>", line 711, in _load
  File "<frozen importlib._bootstrap>", line 680, in _load_unlocked
  File "<frozen importlib._bootstrap_external>", line 850, in exec_module
  File "<frozen importlib._bootstrap>", line 228, in _call_with_frames_removed
  File "/usr/lib/python3.9/site-packages/variety/plugins/builtin/quotes/GoodreadsSource.py", line 21, in <module>
    from httplib2 import iri2uri
ModuleNotFoundError: No module named 'httplib2'
INFO: 2021-10-08 09:08:35,566: _walk_modules() 'Jumble loading module in LocalFilesSource from /usr/lib/python3.9/site-packages/variety/plugins/builtin/quotes/LocalFilesSource.py'
INFO: 2021-10-08 09:08:35,567: load() 'Jumble found plugin class: <class 'LocalFilesSource.LocalFilesSource'>: {'name': 'Local text files', 'description': 'Displays quotes, defined in local text files.\nPut your own txt files in: /home/Master/.config/variety/pluginconfig/quotes/.\nThe file format is:\n\nquote -- author\n.\nsecond quote -- another author\n.\netc...\n\nExample: http://rvelthuis.de/zips/quotes.txt', 'author': 'Peter Levi', 'version': '0.1'}'
INFO: 2021-10-08 09:08:35,567: _walk_modules() 'Jumble loading module in QuotationsPageSource from /usr/lib/python3.9/site-packages/variety/plugins/builtin/quotes/QuotationsPageSource.py'
ERROR: 2021-10-08 09:08:35,568: _walk_modules() 'Could not load plugin module /usr/lib/python3.9/site-packages/variety/plugins/builtin/quotes/QuotationsPageSource.py'
Traceback (most recent call last):
  File "/usr/lib/python3.9/site-packages/jumble/Jumble.py", line 45, in _walk_modules
    yield imp.load_module(name, *info), path
  File "/usr/lib64/python3.9/imp.py", line 234, in load_module
    return load_source(name, filename, file)
  File "/usr/lib64/python3.9/imp.py", line 171, in load_source
    module = _load(spec)
  File "<frozen importlib._bootstrap>", line 711, in _load
  File "<frozen importlib._bootstrap>", line 680, in _load_unlocked
  File "<frozen importlib._bootstrap_external>", line 850, in exec_module
  File "<frozen importlib._bootstrap>", line 228, in _call_with_frames_removed
  File "/usr/lib/python3.9/site-packages/variety/plugins/builtin/quotes/QuotationsPageSource.py", line 22, in <module>
    from httplib2 import iri2uri
ModuleNotFoundError: No module named 'httplib2'
INFO: 2021-10-08 09:08:35,569: _walk_modules() 'Jumble loading module in FortuneSource from /usr/lib/python3.9/site-packages/variety/plugins/builtin/quotes/FortuneSource.py'
INFO: 2021-10-08 09:08:35,570: load() 'Jumble found plugin class: <class 'FortuneSource.FortuneSource'>: {'name': 'UNIX fortune program', 'description': 'Displays quotes using the UNIX fortune program. You may want to install additional fortune packs, e.g. fortunes-bofh-excuses.', 'author': 'Dan Jones', 'version': '0.1'}'
INFO: 2021-10-08 09:08:35,570: _walk_modules() 'Jumble loading module in __init__ from /usr/lib/python3.9/site-packages/variety/plugins/builtin/quotes/__init__.py'
INFO: 2021-10-08 09:08:35,572: _walk_modules() 'Jumble loading module in UrbanDictionarySource from /usr/lib/python3.9/site-packages/variety/plugins/builtin/quotes/UrbanDictionarySource.py'
INFO: 2021-10-08 09:08:35,572: load() 'Jumble found plugin class: <class 'UrbanDictionarySource.UrbanDictionarySource'>: {'name': 'Urban Dictionary', 'description': 'Displays definitions from Urban Dictionary', 'author': 'James Miller', 'version': '0.1'}'
INFO: 2021-10-08 09:08:35,581: reload_config() 'Creating new downloader for type unsplash, location High-resolution photos from Unsplash.com'
INFO: 2021-10-08 09:08:35,585: log_options() 'Loaded options:'
INFO: 2021-10-08 09:08:35,586: log_options() 'change_enabled = True'
INFO: 2021-10-08 09:08:35,586: log_options() 'change_interval = 300'
INFO: 2021-10-08 09:08:35,586: log_options() 'change_on_start = True'
INFO: 2021-10-08 09:08:35,586: log_options() 'clipboard_enabled = False'
INFO: 2021-10-08 09:08:35,586: log_options() 'clipboard_hosts = ['wallhaven.cc', 'wallpapers.net', 'flickr.com', 'imgur.com', 'deviantart.com', 'interfacelift.com', 'vladstudio.com', 'imageshack.us', 'deviantart.net', 'imageshack.com']'
INFO: 2021-10-08 09:08:35,586: log_options() 'clipboard_use_whitelist = True'
INFO: 2021-10-08 09:08:35,586: log_options() 'clock_date_font = Cartograph CF Heavy Italic 30'
INFO: 2021-10-08 09:08:35,586: log_options() 'clock_enabled = True'
INFO: 2021-10-08 09:08:35,586: log_options() 'clock_filter = -density 100 -font `fc-match -f '%{file[0]}' '%CLOCK_FONT_NAME'` -pointsize %CLOCK_FONT_SIZE -gravity SouthEast -fill '#00000044' -annotate 0x0+[%HOFFSET+58]+[%VOFFSET+108] '%H:%M' -fill white -annotate 0x0+[%HOFFSET+60]+[%VOFFSET+110] '%H:%M' -font `fc-match -f '%{file[0]}' '%DATE_FONT_NAME'` -pointsize %DATE_FONT_SIZE -fill '#00000044' -annotate 0x0+[%HOFFSET+58]+[%VOFFSET+58] '%A, %B %d' -fill white -annotate 0x0+[%HOFFSET+60]+[%VOFFSET+60] '%A, %B %d''
INFO: 2021-10-08 09:08:35,586: log_options() 'clock_font = Cartograph CF Heavy Italic 70'
INFO: 2021-10-08 09:08:35,586: log_options() 'configfile = /home/Master/.config/variety/variety.conf'
INFO: 2021-10-08 09:08:35,586: log_options() 'copyto_enabled = True'
INFO: 2021-10-08 09:08:35,586: log_options() 'copyto_folder = Default'
INFO: 2021-10-08 09:08:35,586: log_options() 'desired_color = [160, 160, 160]'
INFO: 2021-10-08 09:08:35,586: log_options() 'desired_color_enabled = False'
INFO: 2021-10-08 09:08:35,586: log_options() 'download_folder = /home/Master/.config/variety/Downloaded'
INFO: 2021-10-08 09:08:35,586: log_options() 'download_preference_ratio = 0.9'
INFO: 2021-10-08 09:08:35,586: log_options() 'favorites_folder = /home/Master/.config/variety/Favorites'
INFO: 2021-10-08 09:08:35,586: log_options() 'favorites_operations = [['Downloaded', 'Copy'], ['Fetched', 'Move'], ['Others', 'Copy']]'
INFO: 2021-10-08 09:08:35,586: log_options() 'fetched_folder = /home/Master/.config/variety/Fetched'
INFO: 2021-10-08 09:08:35,587: log_options() 'filters = [[False, 'Keep original', ''], [False, 'Grayscale', '-type Grayscale'], [False, 'Heavy blur', '-blur 120x40'], [False, 'Soft blur', '-blur 20x7'], [False, 'Oil painting', '-paint 8'], [False, 'Pointilism', '-spread 10 -noise 3'], [False, 'Pixellate', '-scale 3% -scale 3333%']]'
INFO: 2021-10-08 09:08:35,587: log_options() 'icon = Light'
INFO: 2021-10-08 09:08:35,587: log_options() 'lightness_enabled = False'
INFO: 2021-10-08 09:08:35,587: log_options() 'lightness_mode = 0'
INFO: 2021-10-08 09:08:35,587: log_options() 'min_rating = 4'
INFO: 2021-10-08 09:08:35,587: log_options() 'min_rating_enabled = False'
INFO: 2021-10-08 09:08:35,587: log_options() 'min_size = 80'
INFO: 2021-10-08 09:08:35,587: log_options() 'min_size_enabled = False'
INFO: 2021-10-08 09:08:35,587: log_options() 'quota_enabled = True'
INFO: 2021-10-08 09:08:35,587: log_options() 'quota_size = 1000'
INFO: 2021-10-08 09:08:35,587: log_options() 'quotes_authors = '
INFO: 2021-10-08 09:08:35,587: log_options() 'quotes_bg_color = [80, 80, 80]'
INFO: 2021-10-08 09:08:35,587: log_options() 'quotes_bg_opacity = 55'
INFO: 2021-10-08 09:08:35,587: log_options() 'quotes_change_enabled = False'
INFO: 2021-10-08 09:08:35,587: log_options() 'quotes_change_interval = 300'
INFO: 2021-10-08 09:08:35,587: log_options() 'quotes_disabled_sources = ['']'
INFO: 2021-10-08 09:08:35,587: log_options() 'quotes_enabled = False'
INFO: 2021-10-08 09:08:35,587: log_options() 'quotes_favorites_file = /home/Master/.config/variety/favorite_quotes.txt'
INFO: 2021-10-08 09:08:35,587: log_options() 'quotes_font = Bitstream Charter 30'
INFO: 2021-10-08 09:08:35,587: log_options() 'quotes_hpos = 100'
INFO: 2021-10-08 09:08:35,588: log_options() 'quotes_max_length = 250'
INFO: 2021-10-08 09:08:35,588: log_options() 'quotes_tags = '
INFO: 2021-10-08 09:08:35,588: log_options() 'quotes_text_color = [255, 255, 255]'
INFO: 2021-10-08 09:08:35,588: log_options() 'quotes_text_shadow = False'
INFO: 2021-10-08 09:08:35,588: log_options() 'quotes_vpos = 40'
INFO: 2021-10-08 09:08:35,588: log_options() 'quotes_width = 70'
INFO: 2021-10-08 09:08:35,588: log_options() 'safe_mode = False'
INFO: 2021-10-08 09:08:35,588: log_options() 'slideshow_custom_enabled = False'
INFO: 2021-10-08 09:08:35,588: log_options() 'slideshow_custom_folder = /home/Master/Pictures'
INFO: 2021-10-08 09:08:35,588: log_options() 'slideshow_downloads_enabled = False'
INFO: 2021-10-08 09:08:35,588: log_options() 'slideshow_fade = 0.4'
INFO: 2021-10-08 09:08:35,588: log_options() 'slideshow_favorites_enabled = True'
INFO: 2021-10-08 09:08:35,588: log_options() 'slideshow_mode = Fullscreen'
INFO: 2021-10-08 09:08:35,588: log_options() 'slideshow_monitor = All'
INFO: 2021-10-08 09:08:35,588: log_options() 'slideshow_pan = 0.05'
INFO: 2021-10-08 09:08:35,588: log_options() 'slideshow_seconds = 6.0'
INFO: 2021-10-08 09:08:35,588: log_options() 'slideshow_sort_order = Random'
INFO: 2021-10-08 09:08:35,588: log_options() 'slideshow_sources_enabled = True'
INFO: 2021-10-08 09:08:35,588: log_options() 'slideshow_zoom = 0.2'
INFO: 2021-10-08 09:08:35,588: log_options() 'smart_enabled = False'
INFO: 2021-10-08 09:08:35,588: log_options() 'smart_notice_shown = False'
INFO: 2021-10-08 09:08:35,588: log_options() 'smart_register_shown = False'
INFO: 2021-10-08 09:08:35,589: log_options() 'sources = [[True, 'favorites', 'The Favorites folder'], [False, 'fetched', 'The Fetched folder'], [False, 'folder', '/usr/share/backgrounds'], [False, 'flickr', 'user:www.flickr.com/photos/peter-levi/;user_id:93647178@N00;'], [False, 'apod', "NASA's Astronomy Picture of the Day"], [False, 'bing', 'Bing Photo of the Day'], [False, 'earthview', 'Google Earth View Wallpapers'], [True, 'unsplash', 'High-resolution photos from Unsplash.com']]'
INFO: 2021-10-08 09:08:35,589: log_options() 'stats_enabled = True'
INFO: 2021-10-08 09:08:35,589: log_options() 'stats_notice_shown = False'
INFO: 2021-10-08 09:08:35,589: log_options() 'sync_enabled = True'
INFO: 2021-10-08 09:08:35,589: log_options() 'use_landscape_enabled = True'
INFO: 2021-10-08 09:08:35,589: reload_config() 'No need to clear prepared queue'
INFO: 2021-10-08 09:08:35,589: clock_thread_method() 'clock thread running'
INFO: 2021-10-08 09:08:35,589: update_indicator() 'Setting file info to: /home/Master/.config/variety/Downloaded/Unsplash/photo-1629122217291-0faae4ea9b5c.jpg'
INFO: 2021-10-08 09:08:35,608: load_last_change_time() 'Change interval < 6 hours, ignore persisted last_change_time, wait initially the whole interval: 300'
INFO: 2021-10-08 09:08:35,609: update_indicator() 'Setting file info to: /home/Master/.config/variety/Downloaded/Unsplash/photo-1629122217291-0faae4ea9b5c.jpg'
INFO: 2021-10-08 09:08:35,610: regular_change_thread() 'regular_change thread running'
INFO: 2021-10-08 09:08:35,614: prepare_thread() 'Prepare thread running'
INFO: 2021-10-08 09:08:35,614: prepare_thread() 'Prepared buffer contains 0 images'
INFO: 2021-10-08 09:08:35,614: prepare_thread() 'Preparing some images'
INFO: 2021-10-08 09:08:35,615: get_throttling() 'Unsplash.com: parsing serverside options'
INFO: 2021-10-08 09:08:35,615: get_throttling() 'Could not parse Unsplash.com serverside options, using defaults 10, 1'
INFO: 2021-10-08 09:08:35,615: get_throttling() 'Unsplash.com: parsing serverside options'
INFO: 2021-10-08 09:08:35,615: get_throttling() 'Could not parse Unsplash.com serverside options, using defaults 10, 1'
INFO: 2021-10-08 09:08:35,615: download_one() 'Unsplash.com: Downloading an image, config: None'
INFO: 2021-10-08 09:08:35,615: download_one() 'Unsplash.com: Queue size: 0'
INFO: 2021-10-08 09:08:35,615: get_throttling() 'Unsplash.com: parsing serverside options'
INFO: 2021-10-08 09:08:35,615: get_throttling() 'Could not parse Unsplash.com serverside options, using defaults 10, 1'
INFO: 2021-10-08 09:08:35,615: download_one() 'Unsplash.com: Filling queue'
INFO: 2021-10-08 09:08:35,616: fill_queue() 'Filling Unsplash queue from https://api.unsplash.com/photos/random?count=30&client_id=072e5048dfcb73a8d9ad59fcf402471518ff8df725df462b0c4fa665f466515a&orientation=landscape'
INFO: 2021-10-08 09:08:35,719: do_set_wp() 'Calling do_set_wp with /home/Master/.config/variety/Downloaded/Unsplash/photo-1629122217291-0faae4ea9b5c.jpg, time: 1633676915.7196121'
INFO: 2021-10-08 09:08:35,731: compute_trimmed_offsets() 'Trimmed offsets debug info: w:1920, h:1080, ratio:1.777778, iw:2304, ih:1330, scw:1920, sch:1108, ho:0, vo:14'
INFO: 2021-10-08 09:08:35,732: build_imagemagick_clock_cmd() 'Applying clock filter: -density 100 -font `fc-match -f '%{file[0]}' 'Cartograph CF:Heavy:Italic:70'` -pointsize 70 -gravity SouthEast -fill '#00000044' -annotate 0x0+58+122 '09:08' -fill white -annotate 0x0+60+124 '09:08' -font `fc-match -f '%{file[0]}' 'Cartograph CF:Heavy:Italic:30'` -pointsize 30 -fill '#00000044' -annotate 0x0+58+72 'Friday, October 08' -fill white -annotate 0x0+60+74 'Friday, October 08''
INFO: 2021-10-08 09:08:35,732: build_imagemagick_clock_cmd() 'ImageMagick clock cmd: convert /home/Master/.config/variety/Downloaded/Unsplash/photo-1629122217291-0faae4ea9b5c.jpg -scale 1920x1080^ -density 100 -font `fc-match -f '%{file[0]}' 'Cartograph CF:Heavy:Italic:70'` -pointsize 70 -gravity SouthEast -fill '#00000044' -annotate 0x0+58+122 '09:08' -fill white -annotate 0x0+60+124 '09:08' -font `fc-match -f '%{file[0]}' 'Cartograph CF:Heavy:Italic:30'` -pointsize 30 -fill '#00000044' -annotate 0x0+58+72 'Friday, October 08' -fill white -annotate 0x0+60+74 'Friday, October 08' /home/Master/.config/variety/wallpaper/wallpaper-clock-70667e940993d4de33c4ed0f34855d1d.jpg'
INFO: 2021-10-08 09:08:35,742: update_indicator_icon() 'Creating indicator'
WARNING: 2021-10-08 09:08:35,851: create_menu() 'Variety Slideshow is not installed. This is an optional extension adding pan-and-zoom slideshows to Variety: see https://github.com/peterlevi/variety-slideshow for details'
INFO: 2021-10-08 09:08:35,887: create_indicator() 'indicator backend: AppIndicator3'
INFO: 2021-10-08 09:08:36,002: set_from_theme_icon() 'Showing indicator icon variety-indicator from GTK theme'
INFO: 2021-10-08 09:08:36,014: prepare_thread() 'After search prepared buffer contains 100 images'
INFO: 2021-10-08 09:08:36,593: clock_thread_method() 'clock_thread updates wallpaper'
INFO: 2021-10-08 09:08:36,681: download_one() 'Unsplash.com: Queue populated with 30 URLs'
INFO: 2021-10-08 09:08:36,686: save_locally() 'Origin URL: https://unsplash.com/photos/5gFcuv7eLbY?utm_source=Variety+Wallpaper+Changer&utm_medium=referral'
INFO: 2021-10-08 09:08:36,686: save_locally() 'Image URL: https://images.unsplash.com/photo-1633296453613-94b169c2e525?crop=entropy&cs=srgb&fm=jpg&ixid=MnwxMjIxfDB8MXxyYW5kb218fHx8fHx8fHwxNjMzNjc2OTE2&ixlib=rb-1.2.1&q=85&w=2304'
INFO: 2021-10-08 09:08:36,686: save_locally() 'Local path: /home/Master/.config/variety/Downloaded/Unsplash/photo-1633296453613-94b169c2e525.jpg'
INFO: 2021-10-08 09:08:36,694: update_indicator() 'Setting file info to: /home/Master/.config/variety/Downloaded/Unsplash/photo-1629122217291-0faae4ea9b5c.jpg'
INFO: 2021-10-08 09:08:36,698: list_files() 'More than 1 files in the folders, stop listing'
INFO: 2021-10-08 09:08:36,721: do_set_wp() 'Calling do_set_wp with /home/Master/.config/variety/Downloaded/Unsplash/photo-1629122217291-0faae4ea9b5c.jpg, time: 1633676916.7212427'
INFO: 2021-10-08 09:08:37,032: compute_trimmed_offsets() 'Trimmed offsets debug info: w:1920, h:1080, ratio:1.777778, iw:2304, ih:1330, scw:1920, sch:1108, ho:0, vo:14'
INFO: 2021-10-08 09:08:37,032: build_imagemagick_clock_cmd() 'Applying clock filter: -density 100 -font `fc-match -f '%{file[0]}' 'Cartograph CF:Heavy:Italic:70'` -pointsize 70 -gravity SouthEast -fill '#00000044' -annotate 0x0+58+122 '09:08' -fill white -annotate 0x0+60+124 '09:08' -font `fc-match -f '%{file[0]}' 'Cartograph CF:Heavy:Italic:30'` -pointsize 30 -fill '#00000044' -annotate 0x0+58+72 'Friday, October 08' -fill white -annotate 0x0+60+74 'Friday, October 08''
INFO: 2021-10-08 09:08:37,032: build_imagemagick_clock_cmd() 'ImageMagick clock cmd: convert /home/Master/.config/variety/Downloaded/Unsplash/photo-1629122217291-0faae4ea9b5c.jpg -scale 1920x1080^ -density 100 -font `fc-match -f '%{file[0]}' 'Cartograph CF:Heavy:Italic:70'` -pointsize 70 -gravity SouthEast -fill '#00000044' -annotate 0x0+58+122 '09:08' -fill white -annotate 0x0+60+124 '09:08' -font `fc-match -f '%{file[0]}' 'Cartograph CF:Heavy:Italic:30'` -pointsize 30 -fill '#00000044' -annotate 0x0+58+72 'Friday, October 08' -fill white -annotate 0x0+60+74 'Friday, October 08' /home/Master/.config/variety/wallpaper/wallpaper-clock-c714b6a346752516251f62eb64a34829.jpg'
INFO: 2021-10-08 09:08:37,272: save_locally() 'Download complete'
INFO: 2021-10-08 09:08:37,273: update_indicator() 'Setting file info to: /home/Master/.config/variety/Downloaded/Unsplash/photo-1629122217291-0faae4ea9b5c.jpg'
INFO: 2021-10-08 09:08:37,274: list_files() 'More than 1 files in the folders, stop listing'
INFO: 2021-10-08 09:08:37,281: download_one_from() 'Adding downloaded file /home/Master/.config/variety/Downloaded/Unsplash/photo-1633296453613-94b169c2e525.jpg to unseen_downloads'
INFO: 2021-10-08 09:08:37,709: update_indicator() 'Setting file info to: /home/Master/.config/variety/Downloaded/Unsplash/photo-1629122217291-0faae4ea9b5c.jpg'
INFO: 2021-10-08 09:08:37,711: list_files() 'More than 1 files in the folders, stop listing'
INFO: 2021-10-08 09:08:38,028: trigger_download() 'Triggering download thread to check if download needed'
INFO: 2021-10-08 09:08:38,150: reload() 'Reloading preferences dialog'
INFO: 2021-10-08 09:08:38,287: get_throttling() 'Unsplash.com: parsing serverside options'
INFO: 2021-10-08 09:08:38,288: get_throttling() 'Could not parse Unsplash.com serverside options, using defaults 10, 1'
INFO: 2021-10-08 09:08:38,288: get_throttling() 'Unsplash.com: parsing serverside options'
INFO: 2021-10-08 09:08:38,288: get_throttling() 'Could not parse Unsplash.com serverside options, using defaults 10, 1'
INFO: 2021-10-08 09:08:38,288: download_one() 'Unsplash.com: Downloading an image, config: None'
INFO: 2021-10-08 09:08:38,288: download_one() 'Unsplash.com: Queue size: 29'
INFO: 2021-10-08 09:08:38,289: download_one() 'Unsplash.com: Queue populated with 29 URLs'
INFO: 2021-10-08 09:08:38,289: save_locally() 'Origin URL: https://unsplash.com/photos/XeK-kABkMR8?utm_source=Variety+Wallpaper+Changer&utm_medium=referral'
INFO: 2021-10-08 09:08:38,289: save_locally() 'Image URL: https://images.unsplash.com/photo-1633421332137-c4a1c62fbcb8?crop=entropy&cs=srgb&fm=jpg&ixid=MnwxMjIxfDB8MXxyYW5kb218fHx8fHx8fHwxNjMzNjc2OTE2&ixlib=rb-1.2.1&q=85&w=2304'
INFO: 2021-10-08 09:08:38,289: save_locally() 'Local path: /home/Master/.config/variety/Downloaded/Unsplash/photo-1633421332137-c4a1c62fbcb8.jpg'
INFO: 2021-10-08 09:08:38,289: save_locally() 'File already exists, skip downloading'
INFO: 2021-10-08 09:08:40,610: set_wallpaper() 'Calling set_wallpaper with /home/Master/.config/variety/Downloaded/Unsplash/photo-1633296453613-94b169c2e525.jpg'
INFO: 2021-10-08 09:08:40,611: prepare_thread() 'Prepared buffer contains 100 images'
INFO: 2021-10-08 09:08:40,613: do_set_wp() 'Calling do_set_wp with /home/Master/.config/variety/Downloaded/Unsplash/photo-1633296453613-94b169c2e525.jpg, time: 1633676920.613236'
INFO: 2021-10-08 09:08:40,614: compute_trimmed_offsets() 'Trimmed offsets debug info: w:1920, h:1080, ratio:1.777778, iw:2304, ih:1728, scw:1920, sch:1440, ho:0, vo:180'
INFO: 2021-10-08 09:08:40,615: build_imagemagick_clock_cmd() 'Applying clock filter: -density 100 -font `fc-match -f '%{file[0]}' 'Cartograph CF:Heavy:Italic:70'` -pointsize 70 -gravity SouthEast -fill '#00000044' -annotate 0x0+58+288 '09:08' -fill white -annotate 0x0+60+290 '09:08' -font `fc-match -f '%{file[0]}' 'Cartograph CF:Heavy:Italic:30'` -pointsize 30 -fill '#00000044' -annotate 0x0+58+238 'Friday, October 08' -fill white -annotate 0x0+60+240 'Friday, October 08''
INFO: 2021-10-08 09:08:40,615: build_imagemagick_clock_cmd() 'ImageMagick clock cmd: convert /home/Master/.config/variety/Downloaded/Unsplash/photo-1633296453613-94b169c2e525.jpg -scale 1920x1080^ -density 100 -font `fc-match -f '%{file[0]}' 'Cartograph CF:Heavy:Italic:70'` -pointsize 70 -gravity SouthEast -fill '#00000044' -annotate 0x0+58+288 '09:08' -fill white -annotate 0x0+60+290 '09:08' -font `fc-match -f '%{file[0]}' 'Cartograph CF:Heavy:Italic:30'` -pointsize 30 -fill '#00000044' -annotate 0x0+58+238 'Friday, October 08' -fill white -annotate 0x0+60+240 'Friday, October 08' /home/Master/.config/variety/wallpaper/wallpaper-clock-002bad2ef2db9a26e07b17d7877e84ff.jpg'
INFO: 2021-10-08 09:08:41,220: update_indicator() 'Setting file info to: /home/Master/.config/variety/Downloaded/Unsplash/photo-1633296453613-94b169c2e525.jpg'
INFO: 2021-10-08 09:08:41,223: list_files() 'More than 1 files in the folders, stop listing'
INFO: 2021-10-08 09:08:42,612: trigger_download() 'Triggering download thread to check if download needed'
INFO: 2021-10-08 09:08:42,620: trigger_download() 'Triggering download thread to check if download needed'
INFO: 2021-10-08 09:08:55,657: server_options_thread() 'Fetching server options from http://tiny.cc/variety-options-063'
INFO: 2021-10-08 09:08:56,418: server_options_thread() 'Fetched server options: {'flickr': {'min_fill_queue_interval': 1200, 'min_download_interval': 1200}, 'wallbase': {'min_fill_queue_interval': 1800, 'min_download_interval': 1800}, 'wallhaven': {'min_fill_queue_interval': 1800, 'min_download_interval': 1800}, 'wallpapers.net': {'min_fill_queue_interval': 601, 'min_download_interval': 0}, 'unsplash': {'min_fill_queue_interval': 20000000000, 'min_download_interval': 20000000000}, 'unsplash_v2': {'min_fill_queue_interval': 2000, 'min_download_interval': 1200}, 'status_message': {'0.0.1': '', '*': ''}}'
INFO: 2021-10-08 09:09:00,658: clock_thread_method() 'clock_thread updates wallpaper'
INFO: 2021-10-08 09:09:00,659: do_set_wp() 'Calling do_set_wp with /home/Master/.config/variety/Downloaded/Unsplash/photo-1633296453613-94b169c2e525.jpg, time: 1633676940.6589856'
INFO: 2021-10-08 09:09:00,660: compute_trimmed_offsets() 'Trimmed offsets debug info: w:1920, h:1080, ratio:1.777778, iw:2304, ih:1728, scw:1920, sch:1440, ho:0, vo:180'
INFO: 2021-10-08 09:09:00,660: build_imagemagick_clock_cmd() 'Applying clock filter: -density 100 -font `fc-match -f '%{file[0]}' 'Cartograph CF:Heavy:Italic:70'` -pointsize 70 -gravity SouthEast -fill '#00000044' -annotate 0x0+58+288 '09:09' -fill white -annotate 0x0+60+290 '09:09' -font `fc-match -f '%{file[0]}' 'Cartograph CF:Heavy:Italic:30'` -pointsize 30 -fill '#00000044' -annotate 0x0+58+238 'Friday, October 08' -fill white -annotate 0x0+60+240 'Friday, October 08''
INFO: 2021-10-08 09:09:00,660: build_imagemagick_clock_cmd() 'ImageMagick clock cmd: convert /home/Master/.config/variety/Downloaded/Unsplash/photo-1633296453613-94b169c2e525.jpg -scale 1920x1080^ -density 100 -font `fc-match -f '%{file[0]}' 'Cartograph CF:Heavy:Italic:70'` -pointsize 70 -gravity SouthEast -fill '#00000044' -annotate 0x0+58+288 '09:09' -fill white -annotate 0x0+60+290 '09:09' -font `fc-match -f '%{file[0]}' 'Cartograph CF:Heavy:Italic:30'` -pointsize 30 -fill '#00000044' -annotate 0x0+58+238 'Friday, October 08' -fill white -annotate 0x0+60+240 'Friday, October 08' /home/Master/.config/variety/wallpaper/wallpaper-clock-c3f76162d9d3e01f4963383c3ff6b704.jpg'
INFO: 2021-10-08 09:09:01,007: update_indicator() 'Setting file info to: /home/Master/.config/variety/Downloaded/Unsplash/photo-1633296453613-94b169c2e525.jpg'
INFO: 2021-10-08 09:09:01,010: list_files() 'More than 1 files in the folders, stop listing'
INFO: 2021-10-08 09:10:00,739: clock_thread_method() 'clock_thread updates wallpaper'
INFO: 2021-10-08 09:10:00,740: do_set_wp() 'Calling do_set_wp with /home/Master/.config/variety/Downloaded/Unsplash/photo-1633296453613-94b169c2e525.jpg, time: 1633677000.7400324'
INFO: 2021-10-08 09:10:00,741: compute_trimmed_offsets() 'Trimmed offsets debug info: w:1920, h:1080, ratio:1.777778, iw:2304, ih:1728, scw:1920, sch:1440, ho:0, vo:180'
INFO: 2021-10-08 09:10:00,741: build_imagemagick_clock_cmd() 'Applying clock filter: -density 100 -font `fc-match -f '%{file[0]}' 'Cartograph CF:Heavy:Italic:70'` -pointsize 70 -gravity SouthEast -fill '#00000044' -annotate 0x0+58+288 '09:10' -fill white -annotate 0x0+60+290 '09:10' -font `fc-match -f '%{file[0]}' 'Cartograph CF:Heavy:Italic:30'` -pointsize 30 -fill '#00000044' -annotate 0x0+58+238 'Friday, October 08' -fill white -annotate 0x0+60+240 'Friday, October 08''
INFO: 2021-10-08 09:10:00,741: build_imagemagick_clock_cmd() 'ImageMagick clock cmd: convert /home/Master/.config/variety/Downloaded/Unsplash/photo-1633296453613-94b169c2e525.jpg -scale 1920x1080^ -density 100 -font `fc-match -f '%{file[0]}' 'Cartograph CF:Heavy:Italic:70'` -pointsize 70 -gravity SouthEast -fill '#00000044' -annotate 0x0+58+288 '09:10' -fill white -annotate 0x0+60+290 '09:10' -font `fc-match -f '%{file[0]}' 'Cartograph CF:Heavy:Italic:30'` -pointsize 30 -fill '#00000044' -annotate 0x0+58+238 'Friday, October 08' -fill white -annotate 0x0+60+240 'Friday, October 08' /home/Master/.config/variety/wallpaper/wallpaper-clock-c3509c863c4f3842042b208b7e8700c3.jpg'
INFO: 2021-10-08 09:10:01,078: update_indicator() 'Setting file info to: /home/Master/.config/variety/Downloaded/Unsplash/photo-1633296453613-94b169c2e525.jpg'
INFO: 2021-10-08 09:10:01,081: list_files() 'More than 1 files in the folders, stop listing'
INFO: 2021-10-08 09:11:00,814: clock_thread_method() 'clock_thread updates wallpaper'
INFO: 2021-10-08 09:11:00,815: do_set_wp() 'Calling do_set_wp with /home/Master/.config/variety/Downloaded/Unsplash/photo-1633296453613-94b169c2e525.jpg, time: 1633677060.815273'
INFO: 2021-10-08 09:11:00,816: compute_trimmed_offsets() 'Trimmed offsets debug info: w:1920, h:1080, ratio:1.777778, iw:2304, ih:1728, scw:1920, sch:1440, ho:0, vo:180'
INFO: 2021-10-08 09:11:00,816: build_imagemagick_clock_cmd() 'Applying clock filter: -density 100 -font `fc-match -f '%{file[0]}' 'Cartograph CF:Heavy:Italic:70'` -pointsize 70 -gravity SouthEast -fill '#00000044' -annotate 0x0+58+288 '09:11' -fill white -annotate 0x0+60+290 '09:11' -font `fc-match -f '%{file[0]}' 'Cartograph CF:Heavy:Italic:30'` -pointsize 30 -fill '#00000044' -annotate 0x0+58+238 'Friday, October 08' -fill white -annotate 0x0+60+240 'Friday, October 08''
INFO: 2021-10-08 09:11:00,817: build_imagemagick_clock_cmd() 'ImageMagick clock cmd: convert /home/Master/.config/variety/Downloaded/Unsplash/photo-1633296453613-94b169c2e525.jpg -scale 1920x1080^ -density 100 -font `fc-match -f '%{file[0]}' 'Cartograph CF:Heavy:Italic:70'` -pointsize 70 -gravity SouthEast -fill '#00000044' -annotate 0x0+58+288 '09:11' -fill white -annotate 0x0+60+290 '09:11' -font `fc-match -f '%{file[0]}' 'Cartograph CF:Heavy:Italic:30'` -pointsize 30 -fill '#00000044' -annotate 0x0+58+238 'Friday, October 08' -fill white -annotate 0x0+60+240 'Friday, October 08' /home/Master/.config/variety/wallpaper/wallpaper-clock-9b198751172232cfbf8ec102e7ef3f84.jpg'
INFO: 2021-10-08 09:11:01,164: update_indicator() 'Setting file info to: /home/Master/.config/variety/Downloaded/Unsplash/photo-1633296453613-94b169c2e525.jpg'
INFO: 2021-10-08 09:11:01,165: list_files() 'More than 1 files in the folders, stop listing'
INFO: 2021-10-08 09:11:42,621: get_throttling() 'Unsplash.com: parsing serverside options'
INFO: 2021-10-08 09:11:42,621: get_throttling() 'Unsplash.com serverside options: {'min_fill_queue_interval': 2000, 'min_download_interval': 1200}'
INFO: 2021-10-08 09:11:42,622: get_throttling() 'Unsplash.com: parsing serverside options'
INFO: 2021-10-08 09:11:42,622: get_throttling() 'Unsplash.com serverside options: {'min_fill_queue_interval': 2000, 'min_download_interval': 1200}'
INFO: 2021-10-08 09:11:42,622: download_one() 'Unsplash.com: Downloading an image, config: None'
INFO: 2021-10-08 09:11:42,622: download_one() 'Unsplash.com: Queue size: 28'
INFO: 2021-10-08 09:11:42,622: download_one() 'Unsplash.com: Queue populated with 28 URLs'
INFO: 2021-10-08 09:11:42,622: save_locally() 'Origin URL: https://unsplash.com/photos/DjjaZybYx4I?utm_source=Variety+Wallpaper+Changer&utm_medium=referral'
INFO: 2021-10-08 09:11:42,622: save_locally() 'Image URL: https://images.unsplash.com/photo-1632059368252-be6d65abc4e2?crop=entropy&cs=srgb&fm=jpg&ixid=MnwxMjIxfDB8MXxyYW5kb218fHx8fHx8fHwxNjMzNjc2OTE2&ixlib=rb-1.2.1&q=85&w=2304'
INFO: 2021-10-08 09:11:42,623: save_locally() 'Local path: /home/Master/.config/variety/Downloaded/Unsplash/photo-1632059368252-be6d65abc4e2.jpg'
INFO: 2021-10-08 09:11:42,623: save_locally() 'File already exists, skip downloading'
INFO: 2021-10-08 09:12:00,884: clock_thread_method() 'clock_thread updates wallpaper'
INFO: 2021-10-08 09:12:00,885: do_set_wp() 'Calling do_set_wp with /home/Master/.config/variety/Downloaded/Unsplash/photo-1633296453613-94b169c2e525.jpg, time: 1633677120.8852475'
INFO: 2021-10-08 09:12:00,886: compute_trimmed_offsets() 'Trimmed offsets debug info: w:1920, h:1080, ratio:1.777778, iw:2304, ih:1728, scw:1920, sch:1440, ho:0, vo:180'
INFO: 2021-10-08 09:12:00,886: build_imagemagick_clock_cmd() 'Applying clock filter: -density 100 -font `fc-match -f '%{file[0]}' 'Cartograph CF:Heavy:Italic:70'` -pointsize 70 -gravity SouthEast -fill '#00000044' -annotate 0x0+58+288 '09:12' -fill white -annotate 0x0+60+290 '09:12' -font `fc-match -f '%{file[0]}' 'Cartograph CF:Heavy:Italic:30'` -pointsize 30 -fill '#00000044' -annotate 0x0+58+238 'Friday, October 08' -fill white -annotate 0x0+60+240 'Friday, October 08''
INFO: 2021-10-08 09:12:00,887: build_imagemagick_clock_cmd() 'ImageMagick clock cmd: convert /home/Master/.config/variety/Downloaded/Unsplash/photo-1633296453613-94b169c2e525.jpg -scale 1920x1080^ -density 100 -font `fc-match -f '%{file[0]}' 'Cartograph CF:Heavy:Italic:70'` -pointsize 70 -gravity SouthEast -fill '#00000044' -annotate 0x0+58+288 '09:12' -fill white -annotate 0x0+60+290 '09:12' -font `fc-match -f '%{file[0]}' 'Cartograph CF:Heavy:Italic:30'` -pointsize 30 -fill '#00000044' -annotate 0x0+58+238 'Friday, October 08' -fill white -annotate 0x0+60+240 'Friday, October 08' /home/Master/.config/variety/wallpaper/wallpaper-clock-8b87c7d6fb9ec14d9eed84fe03a7afd3.jpg'
INFO: 2021-10-08 09:12:01,240: update_indicator() 'Setting file info to: /home/Master/.config/variety/Downloaded/Unsplash/photo-1633296453613-94b169c2e525.jpg'
INFO: 2021-10-08 09:12:01,243: list_files() 'More than 1 files in the folders, stop listing'
INFO: 2021-10-08 09:13:00,956: clock_thread_method() 'clock_thread updates wallpaper'
INFO: 2021-10-08 09:13:00,957: do_set_wp() 'Calling do_set_wp with /home/Master/.config/variety/Downloaded/Unsplash/photo-1633296453613-94b169c2e525.jpg, time: 1633677180.9572566'
INFO: 2021-10-08 09:13:00,958: compute_trimmed_offsets() 'Trimmed offsets debug info: w:1920, h:1080, ratio:1.777778, iw:2304, ih:1728, scw:1920, sch:1440, ho:0, vo:180'
INFO: 2021-10-08 09:13:00,959: build_imagemagick_clock_cmd() 'Applying clock filter: -density 100 -font `fc-match -f '%{file[0]}' 'Cartograph CF:Heavy:Italic:70'` -pointsize 70 -gravity SouthEast -fill '#00000044' -annotate 0x0+58+288 '09:13' -fill white -annotate 0x0+60+290 '09:13' -font `fc-match -f '%{file[0]}' 'Cartograph CF:Heavy:Italic:30'` -pointsize 30 -fill '#00000044' -annotate 0x0+58+238 'Friday, October 08' -fill white -annotate 0x0+60+240 'Friday, October 08''
INFO: 2021-10-08 09:13:00,959: build_imagemagick_clock_cmd() 'ImageMagick clock cmd: convert /home/Master/.config/variety/Downloaded/Unsplash/photo-1633296453613-94b169c2e525.jpg -scale 1920x1080^ -density 100 -font `fc-match -f '%{file[0]}' 'Cartograph CF:Heavy:Italic:70'` -pointsize 70 -gravity SouthEast -fill '#00000044' -annotate 0x0+58+288 '09:13' -fill white -annotate 0x0+60+290 '09:13' -font `fc-match -f '%{file[0]}' 'Cartograph CF:Heavy:Italic:30'` -pointsize 30 -fill '#00000044' -annotate 0x0+58+238 'Friday, October 08' -fill white -annotate 0x0+60+240 'Friday, October 08' /home/Master/.config/variety/wallpaper/wallpaper-clock-818df65f4175456e01907d1043e9b50c.jpg'
INFO: 2021-10-08 09:13:01,302: update_indicator() 'Setting file info to: /home/Master/.config/variety/Downloaded/Unsplash/photo-1633296453613-94b169c2e525.jpg'
INFO: 2021-10-08 09:13:01,305: list_files() 'More than 1 files in the folders, stop listing'
INFO: 2021-10-08 09:13:41,418: regular_change_thread() 'regular_change changes wallpaper'
INFO: 2021-10-08 09:13:41,419: set_wallpaper() 'Calling set_wallpaper with /home/Master/.config/variety/Downloaded/Unsplash/photo-1633110385662-6b1e0d4245de.jpg'
INFO: 2021-10-08 09:13:41,419: prepare_thread() 'Prepared buffer contains 99 images'
INFO: 2021-10-08 09:13:41,420: do_set_wp() 'Calling do_set_wp with /home/Master/.config/variety/Downloaded/Unsplash/photo-1633110385662-6b1e0d4245de.jpg, time: 1633677221.4201443'
INFO: 2021-10-08 09:13:41,421: compute_trimmed_offsets() 'Trimmed offsets debug info: w:1920, h:1080, ratio:1.777778, iw:2304, ih:1732, scw:1920, sch:1443, ho:0, vo:181'
INFO: 2021-10-08 09:13:41,422: build_imagemagick_clock_cmd() 'Applying clock filter: -density 100 -font `fc-match -f '%{file[0]}' 'Cartograph CF:Heavy:Italic:70'` -pointsize 70 -gravity SouthEast -fill '#00000044' -annotate 0x0+58+289 '09:13' -fill white -annotate 0x0+60+291 '09:13' -font `fc-match -f '%{file[0]}' 'Cartograph CF:Heavy:Italic:30'` -pointsize 30 -fill '#00000044' -annotate 0x0+58+239 'Friday, October 08' -fill white -annotate 0x0+60+241 'Friday, October 08''
INFO: 2021-10-08 09:13:41,422: build_imagemagick_clock_cmd() 'ImageMagick clock cmd: convert /home/Master/.config/variety/Downloaded/Unsplash/photo-1633110385662-6b1e0d4245de.jpg -scale 1920x1080^ -density 100 -font `fc-match -f '%{file[0]}' 'Cartograph CF:Heavy:Italic:70'` -pointsize 70 -gravity SouthEast -fill '#00000044' -annotate 0x0+58+289 '09:13' -fill white -annotate 0x0+60+291 '09:13' -font `fc-match -f '%{file[0]}' 'Cartograph CF:Heavy:Italic:30'` -pointsize 30 -fill '#00000044' -annotate 0x0+58+239 'Friday, October 08' -fill white -annotate 0x0+60+241 'Friday, October 08' /home/Master/.config/variety/wallpaper/wallpaper-clock-199a195bdbc982be93510989cadb43db.jpg'
INFO: 2021-10-08 09:13:41,744: update_indicator() 'Setting file info to: /home/Master/.config/variety/Downloaded/Unsplash/photo-1633110385662-6b1e0d4245de.jpg'
INFO: 2021-10-08 09:13:41,745: list_files() 'More than 1 files in the folders, stop listing'
INFO: 2021-10-08 09:13:43,420: trigger_download() 'Triggering download thread to check if download needed'
INFO: 2021-10-08 09:13:43,420: get_throttling() 'Unsplash.com: parsing serverside options'
INFO: 2021-10-08 09:13:43,420: get_throttling() 'Unsplash.com serverside options: {'min_fill_queue_interval': 2000, 'min_download_interval': 1200}'
INFO: 2021-10-08 09:13:43,420: get_throttling() 'Unsplash.com: parsing serverside options'
INFO: 2021-10-08 09:13:43,420: get_throttling() 'Unsplash.com serverside options: {'min_fill_queue_interval': 2000, 'min_download_interval': 1200}'
INFO: 2021-10-08 09:13:43,420: download_one() 'Unsplash.com: Downloading an image, config: None'
INFO: 2021-10-08 09:13:43,420: download_one() 'Unsplash.com: Queue size: 27'
INFO: 2021-10-08 09:13:43,420: download_one() 'Unsplash.com: Queue populated with 27 URLs'
INFO: 2021-10-08 09:13:43,420: save_locally() 'Origin URL: https://unsplash.com/photos/cejbDE9s8bc?utm_source=Variety+Wallpaper+Changer&utm_medium=referral'
INFO: 2021-10-08 09:13:43,421: save_locally() 'Image URL: https://images.unsplash.com/photo-1631799160468-9a34ec564261?crop=entropy&cs=srgb&fm=jpg&ixid=MnwxMjIxfDB8MXxyYW5kb218fHx8fHx8fHwxNjMzNjc2OTE2&ixlib=rb-1.2.1&q=85&w=2304'
INFO: 2021-10-08 09:13:43,421: save_locally() 'Local path: /home/Master/.config/variety/Downloaded/Unsplash/photo-1631799160468-9a34ec564261.jpg'
INFO: 2021-10-08 09:13:43,421: save_locally() 'File already exists, skip downloading'
INFO: 2021-10-08 09:14:00,021: clock_thread_method() 'clock_thread updates wallpaper'
INFO: 2021-10-08 09:14:00,021: do_set_wp() 'Calling do_set_wp with /home/Master/.config/variety/Downloaded/Unsplash/photo-1633110385662-6b1e0d4245de.jpg, time: 1633677240.021583'
INFO: 2021-10-08 09:14:00,022: compute_trimmed_offsets() 'Trimmed offsets debug info: w:1920, h:1080, ratio:1.777778, iw:2304, ih:1732, scw:1920, sch:1443, ho:0, vo:181'
INFO: 2021-10-08 09:14:00,023: build_imagemagick_clock_cmd() 'Applying clock filter: -density 100 -font `fc-match -f '%{file[0]}' 'Cartograph CF:Heavy:Italic:70'` -pointsize 70 -gravity SouthEast -fill '#00000044' -annotate 0x0+58+289 '09:14' -fill white -annotate 0x0+60+291 '09:14' -font `fc-match -f '%{file[0]}' 'Cartograph CF:Heavy:Italic:30'` -pointsize 30 -fill '#00000044' -annotate 0x0+58+239 'Friday, October 08' -fill white -annotate 0x0+60+241 'Friday, October 08''
INFO: 2021-10-08 09:14:00,023: build_imagemagick_clock_cmd() 'ImageMagick clock cmd: convert /home/Master/.config/variety/Downloaded/Unsplash/photo-1633110385662-6b1e0d4245de.jpg -scale 1920x1080^ -density 100 -font `fc-match -f '%{file[0]}' 'Cartograph CF:Heavy:Italic:70'` -pointsize 70 -gravity SouthEast -fill '#00000044' -annotate 0x0+58+289 '09:14' -fill white -annotate 0x0+60+291 '09:14' -font `fc-match -f '%{file[0]}' 'Cartograph CF:Heavy:Italic:30'` -pointsize 30 -fill '#00000044' -annotate 0x0+58+239 'Friday, October 08' -fill white -annotate 0x0+60+241 'Friday, October 08' /home/Master/.config/variety/wallpaper/wallpaper-clock-9bec0557a7fe4c7bc0bdea34e9bafe47.jpg'
INFO: 2021-10-08 09:14:00,397: update_indicator() 'Setting file info to: /home/Master/.config/variety/Downloaded/Unsplash/photo-1633110385662-6b1e0d4245de.jpg'
INFO: 2021-10-08 09:14:00,399: list_files() 'More than 1 files in the folders, stop listing'
INFO: 2021-10-08 09:15:00,092: clock_thread_method() 'clock_thread updates wallpaper'
INFO: 2021-10-08 09:15:00,093: do_set_wp() 'Calling do_set_wp with /home/Master/.config/variety/Downloaded/Unsplash/photo-1633110385662-6b1e0d4245de.jpg, time: 1633677300.093187'
INFO: 2021-10-08 09:15:00,094: compute_trimmed_offsets() 'Trimmed offsets debug info: w:1920, h:1080, ratio:1.777778, iw:2304, ih:1732, scw:1920, sch:1443, ho:0, vo:181'
INFO: 2021-10-08 09:15:00,094: build_imagemagick_clock_cmd() 'Applying clock filter: -density 100 -font `fc-match -f '%{file[0]}' 'Cartograph CF:Heavy:Italic:70'` -pointsize 70 -gravity SouthEast -fill '#00000044' -annotate 0x0+58+289 '09:15' -fill white -annotate 0x0+60+291 '09:15' -font `fc-match -f '%{file[0]}' 'Cartograph CF:Heavy:Italic:30'` -pointsize 30 -fill '#00000044' -annotate 0x0+58+239 'Friday, October 08' -fill white -annotate 0x0+60+241 'Friday, October 08''
INFO: 2021-10-08 09:15:00,095: build_imagemagick_clock_cmd() 'ImageMagick clock cmd: convert /home/Master/.config/variety/Downloaded/Unsplash/photo-1633110385662-6b1e0d4245de.jpg -scale 1920x1080^ -density 100 -font `fc-match -f '%{file[0]}' 'Cartograph CF:Heavy:Italic:70'` -pointsize 70 -gravity SouthEast -fill '#00000044' -annotate 0x0+58+289 '09:15' -fill white -annotate 0x0+60+291 '09:15' -font `fc-match -f '%{file[0]}' 'Cartograph CF:Heavy:Italic:30'` -pointsize 30 -fill '#00000044' -annotate 0x0+58+239 'Friday, October 08' -fill white -annotate 0x0+60+241 'Friday, October 08' /home/Master/.config/variety/wallpaper/wallpaper-clock-032369c1eb62272cc965f070f847193d.jpg'
INFO: 2021-10-08 09:15:00,419: update_indicator() 'Setting file info to: /home/Master/.config/variety/Downloaded/Unsplash/photo-1633110385662-6b1e0d4245de.jpg'
INFO: 2021-10-08 09:15:00,422: list_files() 'More than 1 files in the folders, stop listing'
